2024-11-30 15:15:48 info: Congratulations, your extension "Embold" is now active!
2024-11-30 15:15:48 info: tempDirectory : /Users/paulinkubwira/.vscode/extensions/embold-vscode.embold-0.1.8/temp
2024-11-30 15:15:49 info: Extraction complete for source: /Users/paulinkubwira/.vscode/extensions/embold-vscode.embold-0.1.8/resources/embold-scanner-archive.zip, destination: /Users/paulinkubwira/.vscode/extensions/embold-vscode.embold-0.1.8/temp
2024-11-30 15:15:49 info: Extension installed on machine OS : darwin
2024-11-30 15:15:49 info: Fetched the issues from DB
2024-11-30 15:15:49 info: Java version installed on machine : 
openjdk version "17.0.3" 2022-04-19
OpenJDK Runtime Environment Temurin-17.0.3+7 (build 17.0.3+7)
OpenJDK 64-Bit Server VM Temurin-17.0.3+7 (build 17.0.3+7, mixed mode, sharing)

2024-11-30 15:15:49 info: Java installed on machine.
2024-11-30 15:15:50 info: Embold extension version response:{"hasSupport":false,"version":"0.1.6","changeNotes":"<div> <p>Release Date: 09 Oct, 2023 <br><span>Bug fixes and improvements.</span></p> </div>"}
2024-11-30 15:15:50 info: Current installed embold extension version : 0.1.8
2024-11-30 15:15:50 info: Latest embold extension version on marketplace : 0.1.6
2024-11-30 15:15:54 info: Row(s) deleted
2024-11-30 15:17:48 info: Row(s) deleted
2024-11-30 15:21:06 info: Row(s) deleted
2024-11-30 15:21:06 info: Row(s) deleted
2024-11-30 15:21:06 info: Row(s) deleted
2024-11-30 15:21:07 info: Row(s) deleted
2024-11-30 15:21:07 info: Row(s) deleted
2024-11-30 15:21:07 info: Row(s) deleted
2024-11-30 15:21:07 info: Row(s) deleted
2024-11-30 15:21:07 info: Row(s) deleted
2024-11-30 15:21:07 info: Row(s) deleted
2024-11-30 15:21:07 info: Row(s) deleted
2024-11-30 15:21:07 info: Row(s) deleted
2024-11-30 15:21:07 info: Row(s) deleted
2024-11-30 15:21:07 info: Row(s) deleted
2024-11-30 15:21:07 info: Row(s) deleted
2024-11-30 15:21:07 info: Row(s) deleted
2024-11-30 15:21:08 info: Row(s) deleted
2024-11-30 15:21:08 info: Row(s) deleted
2024-11-30 15:21:08 info: Row(s) deleted
2024-11-30 15:21:08 info: Row(s) deleted
2024-11-30 15:21:08 info: Row(s) deleted
2024-11-30 15:21:08 info: Row(s) deleted
2024-11-30 15:21:08 info: Row(s) deleted
2024-11-30 15:21:08 info: Row(s) deleted
2024-11-30 15:21:08 info: Row(s) deleted
2024-11-30 15:21:08 info: Row(s) deleted
2024-11-30 15:21:08 info: Row(s) deleted
2024-11-30 15:21:08 info: Row(s) deleted
2024-11-30 15:21:08 info: Row(s) deleted
2024-11-30 15:21:08 info: Row(s) deleted
2024-11-30 15:21:08 info: Row(s) deleted
2024-11-30 15:21:08 info: Row(s) deleted
2024-11-30 15:21:08 info: Row(s) deleted
2024-11-30 15:21:08 info: Row(s) deleted
2024-11-30 15:21:08 info: Row(s) deleted
2024-11-30 15:21:08 info: Row(s) deleted
2024-11-30 15:21:09 info: Row(s) deleted
2024-11-30 15:21:09 info: Row(s) deleted
2024-11-30 15:21:09 info: Row(s) deleted
2024-11-30 15:21:09 info: Row(s) deleted
2024-11-30 15:21:09 info: Row(s) deleted
2024-11-30 15:21:09 info: Row(s) deleted
2024-11-30 15:21:09 info: Row(s) deleted
2024-11-30 15:21:09 info: Row(s) deleted
2024-11-30 15:21:09 info: Row(s) deleted
2024-11-30 15:21:09 info: Row(s) deleted
2024-11-30 15:21:09 info: Row(s) deleted
2024-11-30 15:21:09 info: Row(s) deleted
2024-11-30 15:21:09 info: Row(s) deleted
2024-11-30 15:21:09 info: Row(s) deleted
2024-11-30 15:21:09 info: Row(s) deleted
2024-11-30 15:21:09 info: Row(s) deleted
2024-11-30 15:21:09 info: Row(s) deleted
2024-11-30 15:21:09 info: Row(s) deleted
2024-11-30 15:21:09 info: Row(s) deleted
2024-11-30 15:21:09 info: Row(s) deleted
2024-11-30 15:21:09 info: Row(s) deleted
2024-11-30 15:21:09 info: Row(s) deleted
2024-11-30 15:21:09 info: Row(s) deleted
2024-11-30 15:21:09 info: Row(s) deleted
2024-11-30 15:21:09 info: Row(s) deleted
2024-11-30 15:21:09 info: Row(s) deleted
2024-11-30 15:21:09 info: Row(s) deleted
2024-11-30 15:21:09 info: Row(s) deleted
2024-11-30 15:21:09 info: Row(s) deleted
2024-11-30 15:21:09 info: Row(s) deleted
2024-11-30 15:21:09 info: Row(s) deleted
2024-11-30 15:21:09 info: Row(s) deleted
2024-11-30 15:21:09 info: Row(s) deleted
2024-11-30 15:21:09 info: Row(s) deleted
2024-11-30 15:21:09 info: Row(s) deleted
2024-11-30 15:21:09 info: Row(s) deleted
2024-11-30 15:21:09 info: Row(s) deleted
2024-11-30 15:21:09 info: Row(s) deleted
2024-11-30 15:21:09 info: Row(s) deleted
2024-11-30 15:21:09 info: Row(s) deleted
2024-11-30 15:21:10 info: Row(s) deleted
2024-11-30 15:21:10 info: Row(s) deleted
2024-11-30 15:21:10 info: Row(s) deleted
2024-11-30 15:21:10 info: Row(s) deleted
2024-11-30 15:21:10 info: Row(s) deleted
2024-11-30 15:21:10 info: Row(s) deleted
2024-11-30 15:21:10 info: Row(s) deleted
2024-11-30 15:21:10 info: Row(s) deleted
2024-11-30 15:21:10 info: Row(s) deleted
2024-11-30 15:21:10 info: Row(s) deleted
2024-11-30 15:21:10 info: Row(s) deleted
2024-11-30 15:21:10 info: Row(s) deleted
2024-11-30 15:21:10 info: Row(s) deleted
2024-11-30 15:21:10 info: Row(s) deleted
2024-11-30 15:21:10 info: Row(s) deleted
2024-11-30 15:21:10 info: Row(s) deleted
2024-11-30 15:21:10 info: Row(s) deleted
2024-11-30 15:21:10 info: Row(s) deleted
2024-11-30 15:21:10 info: Row(s) deleted
2024-11-30 15:21:10 info: Row(s) deleted
2024-11-30 15:21:10 info: Row(s) deleted
2024-11-30 15:21:10 info: Row(s) deleted
2024-11-30 15:21:10 info: Row(s) deleted
2024-11-30 15:21:10 info: Row(s) deleted
2024-11-30 15:21:10 info: Row(s) deleted
2024-11-30 15:21:10 info: Row(s) deleted
2024-11-30 15:21:10 info: Row(s) deleted
2024-11-30 15:21:10 info: Row(s) deleted
2024-11-30 15:21:10 info: Row(s) deleted
2024-11-30 15:21:10 info: Row(s) deleted
2024-11-30 15:21:10 info: Row(s) deleted
2024-11-30 15:21:10 info: Row(s) deleted
2024-11-30 15:21:10 info: Row(s) deleted
2024-11-30 15:21:10 info: Row(s) deleted
2024-11-30 15:21:10 info: Row(s) deleted
2024-11-30 15:21:10 info: Row(s) deleted
2024-11-30 15:21:10 info: Row(s) deleted
2024-11-30 15:21:10 info: Row(s) deleted
2024-11-30 15:21:10 info: Row(s) deleted
2024-11-30 15:21:10 info: Row(s) deleted
2024-11-30 15:21:10 info: Row(s) deleted
2024-11-30 15:21:10 info: Row(s) deleted
2024-11-30 15:21:10 info: Row(s) deleted
2024-11-30 15:21:10 info: Row(s) deleted
2024-11-30 15:21:10 info: Row(s) deleted
2024-11-30 15:21:10 info: Row(s) deleted
2024-11-30 15:21:10 info: Row(s) deleted
2024-11-30 15:21:10 info: Row(s) deleted
2024-11-30 15:21:10 info: Row(s) deleted
2024-11-30 15:21:10 info: Row(s) deleted
2024-11-30 15:21:10 info: Row(s) deleted
2024-11-30 15:21:10 info: Row(s) deleted
2024-11-30 15:21:10 info: Row(s) deleted
2024-11-30 15:21:10 info: Row(s) deleted
2024-11-30 15:21:10 info: Row(s) deleted
2024-11-30 15:21:10 info: Row(s) deleted
2024-11-30 15:21:10 info: Row(s) deleted
2024-11-30 15:21:10 info: Row(s) deleted
2024-11-30 15:21:10 info: Row(s) deleted
2024-11-30 15:21:10 info: Row(s) deleted
2024-11-30 15:21:10 info: Row(s) deleted
2024-11-30 15:21:10 info: Row(s) deleted
2024-11-30 15:21:10 info: Row(s) deleted
2024-11-30 15:21:10 info: Row(s) deleted
2024-11-30 15:21:10 info: Row(s) deleted
2024-11-30 15:21:10 info: Row(s) deleted
2024-11-30 15:21:10 info: Row(s) deleted
2024-11-30 15:21:10 info: Row(s) deleted
2024-11-30 15:21:10 info: Row(s) deleted
2024-11-30 15:21:10 info: Row(s) deleted
2024-11-30 15:21:10 info: Row(s) deleted
2024-11-30 15:21:10 info: Row(s) deleted
2024-11-30 15:21:10 info: Row(s) deleted
2024-11-30 15:21:10 info: Row(s) deleted
2024-11-30 15:21:10 info: Row(s) deleted
2024-11-30 15:21:10 info: Row(s) deleted
2024-11-30 15:21:10 info: Row(s) deleted
2024-11-30 15:21:10 info: Row(s) deleted
2024-11-30 15:21:10 info: Row(s) deleted
2024-11-30 15:21:10 info: Row(s) deleted
2024-11-30 15:21:10 info: Row(s) deleted
2024-11-30 15:21:10 info: Row(s) deleted
2024-11-30 15:21:10 info: Row(s) deleted
2024-11-30 15:21:11 info: Row(s) deleted
2024-11-30 15:21:11 info: Row(s) deleted
2024-11-30 15:21:11 info: Row(s) deleted
2024-11-30 15:21:11 info: Row(s) deleted
2024-11-30 15:21:11 info: Row(s) deleted
2024-11-30 15:21:11 info: Row(s) deleted
2024-11-30 15:21:11 info: Row(s) deleted
2024-11-30 15:21:11 info: Row(s) deleted
2024-11-30 15:21:11 info: Row(s) deleted
2024-11-30 15:21:11 info: Row(s) deleted
2024-11-30 15:21:11 info: Row(s) deleted
2024-11-30 15:21:11 info: Row(s) deleted
2024-11-30 15:21:11 info: Row(s) deleted
2024-11-30 15:21:11 info: Row(s) deleted
2024-11-30 15:21:11 info: Row(s) deleted
2024-11-30 15:21:11 info: Row(s) deleted
2024-11-30 15:21:11 info: Row(s) deleted
2024-11-30 15:21:11 info: Row(s) deleted
2024-11-30 15:21:11 info: Row(s) deleted
2024-11-30 15:21:11 info: Row(s) deleted
2024-11-30 15:21:11 info: Row(s) deleted
2024-11-30 15:21:11 info: Row(s) deleted
2024-11-30 15:21:11 info: Row(s) deleted
2024-11-30 15:21:11 info: Row(s) deleted
2024-11-30 15:21:11 info: Row(s) deleted
2024-11-30 15:21:11 info: Row(s) deleted
2024-11-30 15:21:11 info: Row(s) deleted
2024-11-30 15:21:11 info: Row(s) deleted
2024-11-30 15:21:11 info: Row(s) deleted
2024-11-30 15:21:11 info: Row(s) deleted
2024-11-30 15:21:11 info: Row(s) deleted
2024-11-30 15:21:11 info: Row(s) deleted
2024-11-30 15:21:11 info: Row(s) deleted
2024-11-30 15:21:11 info: Row(s) deleted
2024-11-30 15:21:11 info: Row(s) deleted
2024-11-30 15:21:11 info: Row(s) deleted
2024-11-30 15:21:11 info: Row(s) deleted
2024-11-30 15:21:11 info: Row(s) deleted
2024-11-30 15:21:11 info: Row(s) deleted
2024-11-30 15:21:11 info: Row(s) deleted
2024-11-30 15:21:11 info: Row(s) deleted
2024-11-30 15:21:11 info: Row(s) deleted
2024-11-30 15:21:11 info: Row(s) deleted
2024-11-30 15:21:11 info: Row(s) deleted
2024-11-30 15:21:11 info: Row(s) deleted
2024-11-30 15:21:11 info: Row(s) deleted
2024-11-30 15:21:11 info: Row(s) deleted
2024-11-30 15:21:11 info: Row(s) deleted
2024-11-30 15:21:11 info: Row(s) deleted
2024-11-30 15:21:11 info: Row(s) deleted
2024-11-30 15:21:11 info: Row(s) deleted
2024-11-30 15:21:11 info: Row(s) deleted
2024-11-30 15:21:11 info: Row(s) deleted
2024-11-30 15:21:11 info: Row(s) deleted
2024-11-30 15:21:11 info: Row(s) deleted
2024-11-30 15:21:11 info: Row(s) deleted
2024-11-30 15:21:11 info: Row(s) deleted
2024-11-30 15:21:11 info: Row(s) deleted
2024-11-30 15:21:11 info: Row(s) deleted
2024-11-30 15:21:11 info: Row(s) deleted
2024-11-30 15:21:11 info: Row(s) deleted
2024-11-30 15:21:11 info: Row(s) deleted
2024-11-30 15:21:11 info: Row(s) deleted
2024-11-30 15:21:11 info: Row(s) deleted
2024-11-30 15:21:11 info: Row(s) deleted
2024-11-30 15:21:11 info: Row(s) deleted
2024-11-30 15:21:11 info: Row(s) deleted
2024-11-30 15:21:11 info: Row(s) deleted
2024-11-30 15:21:11 info: Row(s) deleted
2024-11-30 15:21:11 info: Row(s) deleted
2024-11-30 15:21:11 info: Row(s) deleted
2024-11-30 15:21:11 info: Row(s) deleted
2024-11-30 15:21:11 info: Row(s) deleted
2024-11-30 15:21:11 info: Row(s) deleted
2024-11-30 15:21:11 info: Row(s) deleted
2024-11-30 15:21:11 info: Row(s) deleted
2024-11-30 15:21:11 info: Row(s) deleted
2024-11-30 15:21:11 info: Row(s) deleted
2024-11-30 15:21:11 info: Row(s) deleted
2024-11-30 15:21:11 info: Row(s) deleted
2024-11-30 15:21:11 info: Row(s) deleted
2024-11-30 15:21:11 info: Row(s) deleted
2024-11-30 15:21:11 info: Row(s) deleted
2024-11-30 15:21:11 info: Row(s) deleted
2024-11-30 15:21:11 info: Row(s) deleted
2024-11-30 15:21:11 info: Row(s) deleted
2024-11-30 15:21:11 info: Row(s) deleted
2024-11-30 15:21:11 info: Row(s) deleted
2024-11-30 15:21:12 info: Row(s) deleted
2024-11-30 15:21:12 info: Row(s) deleted
2024-11-30 15:21:12 info: Row(s) deleted
2024-11-30 15:21:12 info: Row(s) deleted
2024-11-30 15:21:12 info: Row(s) deleted
2024-11-30 15:21:12 info: Row(s) deleted
2024-11-30 15:21:12 info: Row(s) deleted
2024-11-30 15:21:12 info: Row(s) deleted
2024-11-30 15:21:12 info: Row(s) deleted
2024-11-30 15:21:12 info: Row(s) deleted
2024-11-30 15:21:12 info: Row(s) deleted
2024-11-30 15:21:12 info: Row(s) deleted
2024-11-30 15:21:12 info: Row(s) deleted
2024-11-30 15:21:12 info: Row(s) deleted
2024-11-30 15:21:12 info: Row(s) deleted
2024-11-30 15:21:12 info: Row(s) deleted
2024-11-30 15:21:12 info: Row(s) deleted
2024-11-30 15:21:12 info: Row(s) deleted
2024-11-30 15:21:12 info: Row(s) deleted
2024-11-30 15:21:12 info: Row(s) deleted
2024-11-30 15:21:12 info: Row(s) deleted
2024-11-30 15:21:12 info: Row(s) deleted
2024-11-30 15:21:12 info: Row(s) deleted
2024-11-30 15:21:12 info: Row(s) deleted
2024-11-30 15:21:12 info: Row(s) deleted
2024-11-30 15:21:12 info: Row(s) deleted
2024-11-30 15:21:12 info: Row(s) deleted
2024-11-30 15:21:12 info: Row(s) deleted
2024-11-30 15:21:12 info: Row(s) deleted
2024-11-30 15:21:12 info: Row(s) deleted
2024-11-30 15:21:12 info: Row(s) deleted
2024-11-30 15:21:12 info: Row(s) deleted
2024-11-30 15:21:12 info: Row(s) deleted
2024-11-30 15:21:12 info: Row(s) deleted
2024-11-30 15:21:12 info: Row(s) deleted
2024-11-30 15:21:12 info: Row(s) deleted
2024-11-30 15:21:12 info: Row(s) deleted
2024-11-30 15:21:12 info: Row(s) deleted
2024-11-30 15:21:12 info: Row(s) deleted
2024-11-30 15:21:12 info: Row(s) deleted
2024-11-30 15:21:12 info: Row(s) deleted
2024-11-30 15:21:12 info: Row(s) deleted
2024-11-30 15:21:12 info: Row(s) deleted
2024-11-30 15:21:12 info: Row(s) deleted
2024-11-30 15:21:12 info: Row(s) deleted
2024-11-30 15:21:12 info: Row(s) deleted
2024-11-30 15:21:12 info: Row(s) deleted
2024-11-30 15:21:12 info: Row(s) deleted
2024-11-30 15:21:12 info: Row(s) deleted
2024-11-30 15:21:12 info: Row(s) deleted
2024-11-30 15:21:12 info: Row(s) deleted
2024-11-30 15:21:12 info: Row(s) deleted
2024-11-30 15:21:12 info: Row(s) deleted
2024-11-30 15:21:12 info: Row(s) deleted
2024-11-30 15:21:12 info: Row(s) deleted
2024-11-30 15:21:12 info: Row(s) deleted
2024-11-30 15:21:12 info: Row(s) deleted
2024-11-30 15:21:12 info: Row(s) deleted
2024-11-30 15:21:12 info: Row(s) deleted
2024-11-30 15:21:12 info: Row(s) deleted
2024-11-30 15:21:12 info: Row(s) deleted
2024-11-30 15:21:12 info: Row(s) deleted
2024-11-30 15:21:12 info: Row(s) deleted
2024-11-30 15:21:12 info: Row(s) deleted
2024-11-30 15:21:12 info: Row(s) deleted
2024-11-30 15:21:12 info: Row(s) deleted
2024-11-30 15:21:12 info: Row(s) deleted
2024-11-30 15:21:12 info: Row(s) deleted
2024-11-30 15:21:12 info: Row(s) deleted
2024-11-30 15:21:12 info: Row(s) deleted
2024-11-30 15:21:12 info: Row(s) deleted
2024-11-30 15:21:12 info: Row(s) deleted
2024-11-30 15:21:12 info: Row(s) deleted
2024-11-30 15:21:12 info: Row(s) deleted
2024-11-30 15:21:12 info: Row(s) deleted
2024-11-30 15:21:12 info: Row(s) deleted
2024-11-30 15:21:12 info: Row(s) deleted
2024-11-30 15:21:12 info: Row(s) deleted
2024-11-30 15:21:12 info: Row(s) deleted
2024-11-30 15:21:12 info: Row(s) deleted
2024-11-30 15:21:12 info: Row(s) deleted
2024-11-30 15:21:12 info: Row(s) deleted
2024-11-30 15:21:12 info: Row(s) deleted
2024-11-30 15:21:12 info: Row(s) deleted
2024-11-30 15:21:12 info: Row(s) deleted
2024-11-30 15:21:12 info: Row(s) deleted
2024-11-30 15:21:12 info: Row(s) deleted
2024-11-30 15:21:12 info: Row(s) deleted
2024-11-30 15:21:12 info: Row(s) deleted
2024-11-30 15:21:12 info: Row(s) deleted
2024-11-30 15:21:12 info: Row(s) deleted
2024-11-30 15:21:12 info: Row(s) deleted
2024-11-30 15:21:12 info: Row(s) deleted
2024-11-30 15:21:12 info: Row(s) deleted
2024-11-30 15:21:12 info: Row(s) deleted
2024-11-30 15:21:12 info: Row(s) deleted
2024-11-30 15:21:12 info: Row(s) deleted
2024-11-30 15:21:12 info: Row(s) deleted
2024-11-30 15:21:12 info: Row(s) deleted
2024-11-30 15:21:12 info: Row(s) deleted
2024-11-30 15:21:12 info: Row(s) deleted
2024-11-30 15:21:12 info: Row(s) deleted
2024-11-30 15:21:12 info: Row(s) deleted
2024-11-30 15:21:12 info: Row(s) deleted
2024-11-30 15:21:12 info: Row(s) deleted
2024-11-30 15:21:12 info: Row(s) deleted
2024-11-30 15:21:12 info: Row(s) deleted
2024-11-30 15:21:12 info: Row(s) deleted
2024-11-30 15:21:12 info: Row(s) deleted
2024-11-30 15:21:12 info: Row(s) deleted
2024-11-30 15:21:12 info: Row(s) deleted
2024-11-30 15:21:12 info: Row(s) deleted
2024-11-30 15:21:12 info: Row(s) deleted
2024-11-30 15:21:12 info: Row(s) deleted
2024-11-30 15:21:12 info: Row(s) deleted
2024-11-30 15:21:12 info: Row(s) deleted
2024-11-30 15:21:12 info: Row(s) deleted
2024-11-30 15:21:12 info: Row(s) deleted
2024-11-30 15:21:12 info: Row(s) deleted
2024-11-30 15:21:12 info: Row(s) deleted
2024-11-30 15:21:12 info: Row(s) deleted
2024-11-30 15:21:12 info: Row(s) deleted
2024-11-30 15:21:12 info: Row(s) deleted
2024-11-30 15:21:12 info: Row(s) deleted
2024-11-30 15:21:12 info: Row(s) deleted
2024-11-30 15:21:12 info: Row(s) deleted
2024-11-30 15:21:12 info: Row(s) deleted
2024-11-30 15:21:12 info: Row(s) deleted
2024-11-30 15:21:12 info: Row(s) deleted
2024-11-30 15:21:12 info: Row(s) deleted
2024-11-30 15:21:12 info: Row(s) deleted
2024-11-30 15:21:12 info: Row(s) deleted
2024-11-30 15:21:12 info: Row(s) deleted
2024-11-30 15:21:12 info: Row(s) deleted
2024-11-30 15:21:12 info: Row(s) deleted
2024-11-30 15:21:12 info: Row(s) deleted
2024-11-30 15:21:12 info: Row(s) deleted
2024-11-30 15:21:12 info: Row(s) deleted
2024-11-30 15:21:12 info: Row(s) deleted
2024-11-30 15:21:12 info: Row(s) deleted
2024-11-30 15:21:12 info: Row(s) deleted
2024-11-30 15:21:12 info: Row(s) deleted
2024-11-30 15:21:12 info: Row(s) deleted
2024-11-30 15:21:12 info: Row(s) deleted
2024-11-30 15:21:12 info: Row(s) deleted
2024-11-30 15:21:12 info: Row(s) deleted
2024-11-30 15:21:12 info: Row(s) deleted
2024-11-30 15:21:12 info: Row(s) deleted
2024-11-30 15:21:12 info: Row(s) deleted
2024-11-30 15:21:12 info: Row(s) deleted
2024-11-30 15:21:12 info: Row(s) deleted
2024-11-30 15:21:12 info: Row(s) deleted
2024-11-30 15:21:12 info: Row(s) deleted
2024-11-30 15:21:12 info: Row(s) deleted
2024-11-30 15:21:12 info: Row(s) deleted
2024-11-30 15:21:13 info: Row(s) deleted
2024-11-30 15:21:13 info: Row(s) deleted
2024-11-30 15:21:13 info: Row(s) deleted
2024-11-30 15:21:13 info: Row(s) deleted
2024-11-30 15:21:13 info: Row(s) deleted
2024-11-30 15:21:13 info: Row(s) deleted
2024-11-30 15:21:13 info: Row(s) deleted
2024-11-30 15:21:13 info: Row(s) deleted
2024-11-30 15:21:13 info: Row(s) deleted
2024-11-30 15:21:13 info: Row(s) deleted
2024-11-30 15:21:13 info: Row(s) deleted
2024-11-30 15:21:13 info: Row(s) deleted
2024-11-30 15:21:13 info: Row(s) deleted
2024-11-30 15:21:13 info: Row(s) deleted
2024-11-30 15:21:13 info: Row(s) deleted
2024-11-30 15:21:13 info: Row(s) deleted
2024-11-30 15:21:13 info: Row(s) deleted
2024-11-30 15:21:13 info: Row(s) deleted
2024-11-30 15:21:13 info: Row(s) deleted
2024-11-30 15:21:13 info: Row(s) deleted
2024-11-30 15:21:13 info: Row(s) deleted
2024-11-30 15:21:13 info: Row(s) deleted
2024-11-30 15:21:13 info: Row(s) deleted
2024-11-30 15:21:13 info: Row(s) deleted
2024-11-30 15:21:13 info: Row(s) deleted
2024-11-30 15:21:13 info: Row(s) deleted
2024-11-30 15:21:13 info: Row(s) deleted
2024-11-30 15:21:13 info: Row(s) deleted
2024-11-30 15:21:13 info: Row(s) deleted
2024-11-30 15:21:13 info: Row(s) deleted
2024-11-30 15:21:14 info: Row(s) deleted
2024-11-30 15:21:14 info: Row(s) deleted
2024-11-30 15:23:46 info: Row(s) deleted
2024-11-30 15:43:12 info: Congratulations, your extension "Embold" is now active!
2024-11-30 15:43:12 info: tempDirectory : /Users/paulinkubwira/.vscode/extensions/embold-vscode.embold-0.1.8/temp
2024-11-30 15:43:12 info: Row(s) deleted
2024-11-30 15:43:14 info: Extraction complete for source: /Users/paulinkubwira/.vscode/extensions/embold-vscode.embold-0.1.8/resources/embold-scanner-archive.zip, destination: /Users/paulinkubwira/.vscode/extensions/embold-vscode.embold-0.1.8/temp
2024-11-30 15:43:14 info: Extension installed on machine OS : darwin
2024-11-30 15:43:14 info: Fetched the issues from DB
2024-11-30 15:43:14 info: Java version installed on machine : 
openjdk version "17.0.3" 2022-04-19
OpenJDK Runtime Environment Temurin-17.0.3+7 (build 17.0.3+7)
OpenJDK 64-Bit Server VM Temurin-17.0.3+7 (build 17.0.3+7, mixed mode, sharing)

2024-11-30 15:43:14 info: Java installed on machine.
2024-11-30 15:43:16 info: Embold extension version response:{"hasSupport":false,"version":"0.1.6","changeNotes":"<div> <p>Release Date: 09 Oct, 2023 <br><span>Bug fixes and improvements.</span></p> </div>"}
2024-11-30 15:43:16 info: Current installed embold extension version : 0.1.8
2024-11-30 15:43:16 info: Latest embold extension version on marketplace : 0.1.6
2024-11-30 15:43:21 info: Row(s) deleted
2024-11-30 15:43:25 info: Row(s) deleted
2024-11-30 16:58:19 info: Row(s) deleted
2024-11-30 16:58:24 info: Row(s) deleted
2024-11-30 16:58:26 info: Row(s) deleted
2024-11-30 16:58:26 info: Row(s) deleted
2024-11-30 20:32:12 info: Row(s) deleted
2024-11-30 20:32:17 info: Row(s) deleted
2024-11-30 20:32:17 info: Row(s) deleted
2024-11-30 20:32:17 info: Row(s) deleted
2024-11-30 20:32:18 info: Row(s) deleted
2024-11-30 20:32:18 info: Row(s) deleted
2024-11-30 20:32:18 info: Row(s) deleted
2024-11-30 20:32:18 info: Row(s) deleted
2024-11-30 20:32:18 info: Row(s) deleted
2024-11-30 20:32:18 info: Row(s) deleted
2024-11-30 20:32:18 info: Row(s) deleted
2024-11-30 20:32:18 info: Row(s) deleted
2024-11-30 20:32:18 info: Row(s) deleted
2024-11-30 20:32:19 info: Row(s) deleted
2024-11-30 20:32:20 info: Row(s) deleted
2024-11-30 20:32:20 info: Row(s) deleted
2024-11-30 20:32:20 info: Row(s) deleted
2024-11-30 20:32:20 info: Row(s) deleted
2024-11-30 20:32:20 info: Row(s) deleted
2024-11-30 20:32:20 info: Row(s) deleted
2024-11-30 20:32:20 info: Row(s) deleted
2024-11-30 20:32:20 info: Row(s) deleted
2024-11-30 20:32:20 info: Row(s) deleted
2024-11-30 20:32:20 info: Row(s) deleted
2024-11-30 20:32:20 info: Row(s) deleted
2024-11-30 20:32:20 info: Row(s) deleted
2024-11-30 20:32:20 info: Row(s) deleted
2024-11-30 20:32:20 info: Row(s) deleted
2024-11-30 20:32:20 info: Row(s) deleted
2024-11-30 20:32:20 info: Row(s) deleted
2024-11-30 20:32:20 info: Row(s) deleted
2024-11-30 20:32:20 info: Row(s) deleted
2024-11-30 20:32:20 info: Row(s) deleted
2024-11-30 20:32:21 info: Row(s) deleted
2024-11-30 20:32:21 info: Row(s) deleted
2024-11-30 20:32:21 info: Row(s) deleted
2024-11-30 20:32:21 info: Row(s) deleted
2024-11-30 20:32:21 info: Row(s) deleted
2024-11-30 20:32:21 info: Row(s) deleted
2024-11-30 20:32:21 info: Row(s) deleted
2024-11-30 20:32:21 info: Row(s) deleted
2024-11-30 20:32:21 info: Row(s) deleted
2024-11-30 20:32:21 info: Row(s) deleted
2024-11-30 20:32:21 info: Row(s) deleted
2024-11-30 20:32:21 info: Row(s) deleted
2024-11-30 20:32:21 info: Row(s) deleted
2024-11-30 20:32:21 info: Row(s) deleted
2024-11-30 20:32:21 info: Row(s) deleted
2024-11-30 20:32:21 info: Row(s) deleted
2024-11-30 20:32:21 info: Row(s) deleted
2024-11-30 20:32:21 info: Row(s) deleted
2024-11-30 20:32:21 info: Row(s) deleted
2024-11-30 20:32:21 info: Row(s) deleted
2024-11-30 20:32:22 info: Row(s) deleted
2024-11-30 20:32:22 info: Row(s) deleted
2024-11-30 20:32:22 info: Row(s) deleted
2024-11-30 20:32:22 info: Row(s) deleted
2024-11-30 20:32:22 info: Row(s) deleted
2024-11-30 20:32:22 info: Row(s) deleted
2024-11-30 20:32:22 info: Row(s) deleted
2024-11-30 20:32:22 info: Row(s) deleted
2024-11-30 20:32:22 info: Row(s) deleted
2024-11-30 20:32:22 info: Row(s) deleted
2024-11-30 20:32:22 info: Row(s) deleted
2024-11-30 20:32:22 info: Row(s) deleted
2024-11-30 20:32:22 info: Row(s) deleted
2024-11-30 20:32:22 info: Row(s) deleted
2024-11-30 20:32:22 info: Row(s) deleted
2024-11-30 20:32:22 info: Row(s) deleted
2024-11-30 20:32:22 info: Row(s) deleted
2024-11-30 20:32:22 info: Row(s) deleted
2024-11-30 20:32:22 info: Row(s) deleted
2024-11-30 20:32:23 info: Row(s) deleted
2024-11-30 20:32:23 info: Row(s) deleted
2024-11-30 20:32:23 info: Row(s) deleted
2024-11-30 20:32:23 info: Row(s) deleted
2024-11-30 20:32:23 info: Row(s) deleted
2024-11-30 20:32:23 info: Row(s) deleted
2024-11-30 20:32:23 info: Row(s) deleted
2024-11-30 20:32:23 info: Row(s) deleted
2024-11-30 20:32:23 info: Row(s) deleted
2024-11-30 20:32:23 info: Row(s) deleted
2024-11-30 20:32:23 info: Row(s) deleted
2024-11-30 20:32:23 info: Row(s) deleted
2024-11-30 20:32:23 info: Row(s) deleted
2024-11-30 20:32:23 info: Row(s) deleted
2024-11-30 20:32:23 info: Row(s) deleted
2024-11-30 20:32:23 info: Row(s) deleted
2024-11-30 20:32:24 info: Row(s) deleted
2024-11-30 20:32:24 info: Row(s) deleted
2024-11-30 20:32:24 info: Row(s) deleted
2024-11-30 20:32:24 info: Row(s) deleted
2024-11-30 20:32:24 info: Row(s) deleted
2024-11-30 20:32:24 info: Row(s) deleted
2024-11-30 20:32:24 info: Row(s) deleted
2024-11-30 20:32:24 info: Row(s) deleted
2024-11-30 20:32:24 info: Row(s) deleted
2024-11-30 20:32:24 info: Row(s) deleted
2024-11-30 20:32:24 info: Row(s) deleted
2024-11-30 20:32:24 info: Row(s) deleted
2024-11-30 20:32:24 info: Row(s) deleted
2024-11-30 20:32:24 info: Row(s) deleted
2024-11-30 20:32:24 info: Row(s) deleted
2024-11-30 20:32:24 info: Row(s) deleted
2024-11-30 20:32:24 info: Row(s) deleted
2024-11-30 20:32:24 info: Row(s) deleted
2024-11-30 20:32:24 info: Row(s) deleted
2024-11-30 20:32:24 info: Row(s) deleted
2024-11-30 20:32:24 info: Row(s) deleted
2024-11-30 20:32:24 info: Row(s) deleted
2024-11-30 20:32:24 info: Row(s) deleted
2024-11-30 20:32:24 info: Row(s) deleted
2024-11-30 20:32:24 info: Row(s) deleted
2024-11-30 20:32:24 info: Row(s) deleted
2024-11-30 20:32:24 info: Row(s) deleted
2024-11-30 20:32:24 info: Row(s) deleted
2024-11-30 20:32:24 info: Row(s) deleted
2024-11-30 20:32:24 info: Row(s) deleted
2024-11-30 20:32:24 info: Row(s) deleted
2024-11-30 20:32:24 info: Row(s) deleted
2024-11-30 20:32:24 info: Row(s) deleted
2024-11-30 20:32:24 info: Row(s) deleted
2024-11-30 20:32:24 info: Row(s) deleted
2024-11-30 20:32:24 info: Row(s) deleted
2024-11-30 20:32:24 info: Row(s) deleted
2024-11-30 20:32:24 info: Row(s) deleted
2024-11-30 20:32:24 info: Row(s) deleted
2024-11-30 20:32:24 info: Row(s) deleted
2024-11-30 20:32:24 info: Row(s) deleted
2024-11-30 20:32:24 info: Row(s) deleted
2024-11-30 20:32:24 info: Row(s) deleted
2024-11-30 20:32:24 info: Row(s) deleted
2024-11-30 20:32:24 info: Row(s) deleted
2024-11-30 20:32:24 info: Row(s) deleted
2024-11-30 20:32:24 info: Row(s) deleted
2024-11-30 20:32:24 info: Row(s) deleted
2024-11-30 20:32:24 info: Row(s) deleted
2024-11-30 20:32:25 info: Row(s) deleted
2024-11-30 20:32:25 info: Row(s) deleted
2024-11-30 20:32:25 info: Row(s) deleted
2024-11-30 20:32:25 info: Row(s) deleted
2024-11-30 20:32:25 info: Row(s) deleted
2024-11-30 20:32:25 info: Row(s) deleted
2024-11-30 20:32:25 info: Row(s) deleted
2024-11-30 20:32:25 info: Row(s) deleted
2024-11-30 20:32:25 info: Row(s) deleted
2024-11-30 20:32:25 info: Row(s) deleted
2024-11-30 20:32:25 info: Row(s) deleted
2024-11-30 20:32:25 info: Row(s) deleted
2024-11-30 20:32:25 info: Row(s) deleted
2024-11-30 20:32:25 info: Row(s) deleted
2024-11-30 20:32:25 info: Row(s) deleted
2024-11-30 20:32:25 info: Row(s) deleted
2024-11-30 20:32:25 info: Row(s) deleted
2024-11-30 20:32:25 info: Row(s) deleted
2024-11-30 20:32:25 info: Row(s) deleted
2024-11-30 20:32:25 info: Row(s) deleted
2024-11-30 20:32:25 info: Row(s) deleted
2024-11-30 20:32:25 info: Row(s) deleted
2024-11-30 20:32:25 info: Row(s) deleted
2024-11-30 20:32:25 info: Row(s) deleted
2024-11-30 20:32:25 info: Row(s) deleted
2024-11-30 20:32:26 info: Row(s) deleted
2024-11-30 20:32:26 info: Row(s) deleted
2024-11-30 20:32:26 info: Row(s) deleted
2024-11-30 20:32:26 info: Row(s) deleted
2024-11-30 20:32:26 info: Row(s) deleted
2024-11-30 20:32:26 info: Row(s) deleted
2024-11-30 20:32:26 info: Row(s) deleted
2024-11-30 20:32:26 info: Row(s) deleted
2024-11-30 20:32:26 info: Row(s) deleted
2024-11-30 20:32:26 info: Row(s) deleted
2024-11-30 20:32:26 info: Row(s) deleted
2024-11-30 20:32:26 info: Row(s) deleted
2024-11-30 20:32:26 info: Row(s) deleted
2024-11-30 20:32:26 info: Row(s) deleted
2024-11-30 20:32:26 info: Row(s) deleted
2024-11-30 20:32:26 info: Row(s) deleted
2024-11-30 20:32:26 info: Row(s) deleted
2024-11-30 20:32:26 info: Row(s) deleted
2024-11-30 20:32:26 info: Row(s) deleted
2024-11-30 20:32:26 info: Row(s) deleted
2024-11-30 20:32:26 info: Row(s) deleted
2024-11-30 20:32:26 info: Row(s) deleted
2024-11-30 20:32:26 info: Row(s) deleted
2024-11-30 20:32:26 info: Row(s) deleted
2024-11-30 20:32:26 info: Row(s) deleted
2024-11-30 20:32:26 info: Row(s) deleted
2024-11-30 20:32:26 info: Row(s) deleted
2024-11-30 20:32:26 info: Row(s) deleted
2024-11-30 20:32:26 info: Row(s) deleted
2024-11-30 20:32:26 info: Row(s) deleted
2024-11-30 20:32:26 info: Row(s) deleted
2024-11-30 20:32:26 info: Row(s) deleted
2024-11-30 20:32:26 info: Row(s) deleted
2024-11-30 20:32:26 info: Row(s) deleted
2024-11-30 20:32:26 info: Row(s) deleted
2024-11-30 20:32:26 info: Row(s) deleted
2024-11-30 20:32:26 info: Row(s) deleted
2024-11-30 20:32:26 info: Row(s) deleted
2024-11-30 20:32:26 info: Row(s) deleted
2024-11-30 20:32:26 info: Row(s) deleted
2024-11-30 20:32:26 info: Row(s) deleted
2024-11-30 20:32:26 info: Row(s) deleted
2024-11-30 20:32:26 info: Row(s) deleted
2024-11-30 20:32:26 info: Row(s) deleted
2024-11-30 20:32:26 info: Row(s) deleted
2024-11-30 20:32:26 info: Row(s) deleted
2024-11-30 20:32:27 info: Row(s) deleted
2024-11-30 20:32:27 info: Row(s) deleted
2024-11-30 20:32:27 info: Row(s) deleted
2024-11-30 20:32:27 info: Row(s) deleted
2024-11-30 20:32:27 info: Row(s) deleted
2024-11-30 20:32:27 info: Row(s) deleted
2024-11-30 20:32:27 info: Row(s) deleted
2024-11-30 20:32:27 info: Row(s) deleted
2024-11-30 20:32:27 info: Row(s) deleted
2024-11-30 20:32:27 info: Row(s) deleted
2024-11-30 20:32:27 info: Row(s) deleted
2024-11-30 20:32:27 info: Row(s) deleted
2024-11-30 20:32:27 info: Row(s) deleted
2024-11-30 20:32:27 info: Row(s) deleted
2024-11-30 20:32:27 info: Row(s) deleted
2024-11-30 20:32:27 info: Row(s) deleted
2024-11-30 20:32:27 info: Row(s) deleted
2024-11-30 20:32:27 info: Row(s) deleted
2024-11-30 20:32:27 info: Row(s) deleted
2024-11-30 20:32:27 info: Row(s) deleted
2024-11-30 20:32:27 info: Row(s) deleted
2024-11-30 20:32:27 info: Row(s) deleted
2024-11-30 20:32:27 info: Row(s) deleted
2024-11-30 20:32:27 info: Row(s) deleted
2024-11-30 20:32:27 info: Row(s) deleted
2024-11-30 20:32:27 info: Row(s) deleted
2024-11-30 20:32:27 info: Row(s) deleted
2024-11-30 20:32:27 info: Row(s) deleted
2024-11-30 20:32:27 info: Row(s) deleted
2024-11-30 20:32:27 info: Row(s) deleted
2024-11-30 20:32:27 info: Row(s) deleted
2024-11-30 20:32:27 info: Row(s) deleted
2024-11-30 20:32:27 info: Row(s) deleted
2024-11-30 20:32:27 info: Row(s) deleted
2024-11-30 20:32:27 info: Row(s) deleted
2024-11-30 20:32:27 info: Row(s) deleted
2024-11-30 20:32:27 info: Row(s) deleted
2024-11-30 20:32:27 info: Row(s) deleted
2024-11-30 20:32:27 info: Row(s) deleted
2024-11-30 20:32:27 info: Row(s) deleted
2024-11-30 20:32:27 info: Row(s) deleted
2024-11-30 20:32:27 info: Row(s) deleted
2024-11-30 20:32:27 info: Row(s) deleted
2024-11-30 20:32:27 info: Row(s) deleted
2024-11-30 20:32:27 info: Row(s) deleted
2024-11-30 20:32:27 info: Row(s) deleted
2024-11-30 20:32:27 info: Row(s) deleted
2024-11-30 20:32:27 info: Row(s) deleted
2024-11-30 20:32:27 info: Row(s) deleted
2024-11-30 20:32:27 info: Row(s) deleted
2024-11-30 20:32:27 info: Row(s) deleted
2024-11-30 20:32:27 info: Row(s) deleted
2024-11-30 20:32:27 info: Row(s) deleted
2024-11-30 20:32:27 info: Row(s) deleted
2024-11-30 20:32:27 info: Row(s) deleted
2024-11-30 20:32:27 info: Row(s) deleted
2024-11-30 20:32:27 info: Row(s) deleted
2024-11-30 20:32:27 info: Row(s) deleted
2024-11-30 20:32:27 info: Row(s) deleted
2024-11-30 20:32:27 info: Row(s) deleted
2024-11-30 20:32:27 info: Row(s) deleted
2024-11-30 20:32:27 info: Row(s) deleted
2024-11-30 20:32:27 info: Row(s) deleted
2024-11-30 20:32:27 info: Row(s) deleted
2024-11-30 20:32:27 info: Row(s) deleted
2024-11-30 20:32:27 info: Row(s) deleted
2024-11-30 20:32:27 info: Row(s) deleted
2024-11-30 20:32:27 info: Row(s) deleted
2024-11-30 20:32:27 info: Row(s) deleted
2024-11-30 20:32:27 info: Row(s) deleted
2024-11-30 20:32:27 info: Row(s) deleted
2024-11-30 20:32:27 info: Row(s) deleted
2024-11-30 20:32:27 info: Row(s) deleted
2024-11-30 20:32:27 info: Row(s) deleted
2024-11-30 20:32:27 info: Row(s) deleted
2024-11-30 20:32:27 info: Row(s) deleted
2024-11-30 20:32:27 info: Row(s) deleted
2024-11-30 20:32:27 info: Row(s) deleted
2024-11-30 20:32:27 info: Row(s) deleted
2024-11-30 20:32:27 info: Row(s) deleted
2024-11-30 20:32:27 info: Row(s) deleted
2024-11-30 20:32:27 info: Row(s) deleted
2024-11-30 20:32:27 info: Row(s) deleted
2024-11-30 20:32:27 info: Row(s) deleted
2024-11-30 20:32:27 info: Row(s) deleted
2024-11-30 20:32:27 info: Row(s) deleted
2024-11-30 20:32:27 info: Row(s) deleted
2024-11-30 20:32:27 info: Row(s) deleted
2024-11-30 20:32:27 info: Row(s) deleted
2024-11-30 20:32:27 info: Row(s) deleted
2024-11-30 20:32:27 info: Row(s) deleted
2024-11-30 20:32:27 info: Row(s) deleted
2024-11-30 20:32:27 info: Row(s) deleted
2024-11-30 20:32:27 info: Row(s) deleted
2024-11-30 20:32:27 info: Row(s) deleted
2024-11-30 20:32:27 info: Row(s) deleted
2024-11-30 20:32:27 info: Row(s) deleted
2024-11-30 20:32:27 info: Row(s) deleted
2024-11-30 20:32:28 info: Row(s) deleted
2024-11-30 20:32:28 info: Row(s) deleted
2024-11-30 20:32:28 info: Row(s) deleted
2024-11-30 20:32:28 info: Row(s) deleted
2024-11-30 20:32:28 info: Row(s) deleted
2024-11-30 20:32:28 info: Row(s) deleted
2024-11-30 20:32:28 info: Row(s) deleted
2024-11-30 20:32:28 info: Row(s) deleted
2024-11-30 20:32:28 info: Row(s) deleted
2024-11-30 20:32:28 info: Row(s) deleted
2024-11-30 20:32:28 info: Row(s) deleted
2024-11-30 20:32:28 info: Row(s) deleted
2024-11-30 20:32:28 info: Row(s) deleted
2024-11-30 20:32:28 info: Row(s) deleted
2024-11-30 20:32:28 info: Row(s) deleted
2024-11-30 20:32:28 info: Row(s) deleted
2024-11-30 20:32:28 info: Row(s) deleted
2024-11-30 20:32:28 info: Row(s) deleted
2024-11-30 20:32:28 info: Row(s) deleted
2024-11-30 20:32:28 info: Row(s) deleted
2024-11-30 20:32:28 info: Row(s) deleted
2024-11-30 20:32:28 info: Row(s) deleted
2024-11-30 20:32:28 info: Row(s) deleted
2024-11-30 20:32:28 info: Row(s) deleted
2024-11-30 20:32:28 info: Row(s) deleted
2024-11-30 20:32:28 info: Row(s) deleted
2024-11-30 20:32:28 info: Row(s) deleted
2024-11-30 20:32:28 info: Row(s) deleted
2024-11-30 20:32:28 info: Row(s) deleted
2024-11-30 20:32:28 info: Row(s) deleted
2024-11-30 20:32:28 info: Row(s) deleted
2024-11-30 20:32:28 info: Row(s) deleted
2024-11-30 20:32:28 info: Row(s) deleted
2024-11-30 20:32:28 info: Row(s) deleted
2024-11-30 20:32:28 info: Row(s) deleted
2024-11-30 20:32:28 info: Row(s) deleted
2024-11-30 20:32:28 info: Row(s) deleted
2024-11-30 20:32:28 info: Row(s) deleted
2024-11-30 20:32:28 info: Row(s) deleted
2024-11-30 20:32:28 info: Row(s) deleted
2024-11-30 20:32:28 info: Row(s) deleted
2024-11-30 20:32:28 info: Row(s) deleted
2024-11-30 20:32:28 info: Row(s) deleted
2024-11-30 20:32:28 info: Row(s) deleted
2024-11-30 20:32:28 info: Row(s) deleted
2024-11-30 20:32:28 info: Row(s) deleted
2024-11-30 20:32:28 info: Row(s) deleted
2024-11-30 20:32:28 info: Row(s) deleted
2024-11-30 20:32:28 info: Row(s) deleted
2024-11-30 20:32:28 info: Row(s) deleted
2024-11-30 20:32:28 info: Row(s) deleted
2024-11-30 20:32:28 info: Row(s) deleted
2024-11-30 20:32:28 info: Row(s) deleted
2024-11-30 20:32:28 info: Row(s) deleted
2024-11-30 20:32:28 info: Row(s) deleted
2024-11-30 20:32:28 info: Row(s) deleted
2024-11-30 20:32:28 info: Row(s) deleted
2024-11-30 20:32:28 info: Row(s) deleted
2024-11-30 20:32:28 info: Row(s) deleted
2024-11-30 20:32:28 info: Row(s) deleted
2024-11-30 20:32:28 info: Row(s) deleted
2024-11-30 20:32:28 info: Row(s) deleted
2024-11-30 20:32:28 info: Row(s) deleted
2024-11-30 20:32:28 info: Row(s) deleted
2024-11-30 20:32:28 info: Row(s) deleted
2024-11-30 20:32:28 info: Row(s) deleted
2024-11-30 20:32:28 info: Row(s) deleted
2024-11-30 20:32:28 info: Row(s) deleted
2024-11-30 20:32:28 info: Row(s) deleted
2024-11-30 20:32:28 info: Row(s) deleted
2024-11-30 20:32:28 info: Row(s) deleted
2024-11-30 20:32:28 info: Row(s) deleted
2024-11-30 20:32:28 info: Row(s) deleted
2024-11-30 20:32:28 info: Row(s) deleted
2024-11-30 20:32:28 info: Row(s) deleted
2024-11-30 20:32:28 info: Row(s) deleted
2024-11-30 20:32:28 info: Row(s) deleted
2024-11-30 20:32:28 info: Row(s) deleted
2024-11-30 20:32:28 info: Row(s) deleted
2024-11-30 20:32:29 info: Row(s) deleted
2024-11-30 20:32:29 info: Row(s) deleted
2024-11-30 20:32:29 info: Row(s) deleted
2024-11-30 20:32:29 info: Row(s) deleted
2024-11-30 20:32:29 info: Row(s) deleted
2024-11-30 20:32:29 info: Row(s) deleted
2024-11-30 20:32:29 info: Row(s) deleted
2024-11-30 20:32:29 info: Row(s) deleted
2024-11-30 20:32:29 info: Row(s) deleted
2024-11-30 20:32:29 info: Row(s) deleted
2024-11-30 20:32:29 info: Row(s) deleted
2024-11-30 20:32:29 info: Row(s) deleted
2024-11-30 20:32:29 info: Row(s) deleted
2024-11-30 20:32:29 info: Row(s) deleted
2024-11-30 20:32:29 info: Row(s) deleted
2024-11-30 20:32:29 info: Row(s) deleted
2024-11-30 20:32:29 info: Row(s) deleted
2024-11-30 20:32:29 info: Row(s) deleted
2024-11-30 20:32:29 info: Row(s) deleted
2024-11-30 20:32:29 info: Row(s) deleted
2024-11-30 20:32:29 info: Row(s) deleted
2024-11-30 20:32:29 info: Row(s) deleted
2024-11-30 20:32:29 info: Row(s) deleted
2024-11-30 20:32:29 info: Row(s) deleted
2024-11-30 20:32:29 info: Row(s) deleted
2024-11-30 20:32:29 info: Row(s) deleted
2024-11-30 20:32:30 info: Row(s) deleted
2024-11-30 20:32:30 info: Row(s) deleted
2024-11-30 20:32:30 info: Row(s) deleted
2024-11-30 20:32:30 info: Row(s) deleted
2024-11-30 20:32:30 info: Row(s) deleted
2024-11-30 20:32:30 info: Row(s) deleted
2024-11-30 20:32:30 info: Row(s) deleted
2024-11-30 20:32:30 info: Row(s) deleted
2024-11-30 20:32:30 info: Row(s) deleted
2024-11-30 20:32:30 info: Row(s) deleted
2024-11-30 20:32:30 info: Row(s) deleted
2024-11-30 20:32:30 info: Row(s) deleted
2024-11-30 20:32:30 info: Row(s) deleted
2024-11-30 20:32:30 info: Row(s) deleted
2024-11-30 20:32:30 info: Row(s) deleted
2024-11-30 20:32:30 info: Row(s) deleted
2024-11-30 20:32:30 info: Row(s) deleted
2024-11-30 20:32:30 info: Row(s) deleted
2024-11-30 20:32:30 info: Row(s) deleted
2024-11-30 20:32:30 info: Row(s) deleted
2024-11-30 20:32:30 info: Row(s) deleted
2024-11-30 20:32:30 info: Row(s) deleted
2024-11-30 20:32:30 info: Row(s) deleted
2024-11-30 20:32:30 info: Row(s) deleted
2024-11-30 20:32:30 info: Row(s) deleted
2024-11-30 20:32:31 info: Row(s) deleted
2024-11-30 20:32:31 info: Row(s) deleted
2024-11-30 20:32:31 info: Row(s) deleted
2024-11-30 20:32:31 info: Row(s) deleted
2024-11-30 20:32:31 info: Row(s) deleted
2024-11-30 20:32:31 info: Row(s) deleted
2024-11-30 20:32:31 info: Row(s) deleted
2024-11-30 20:32:31 info: Row(s) deleted
2024-11-30 20:32:31 info: Row(s) deleted
2024-11-30 20:32:31 info: Row(s) deleted
2024-11-30 20:32:31 info: Row(s) deleted
2024-11-30 20:32:31 info: Row(s) deleted
2024-11-30 20:32:31 info: Row(s) deleted
2024-11-30 20:32:31 info: Row(s) deleted
2024-11-30 20:32:31 info: Row(s) deleted
2024-11-30 20:32:32 info: Row(s) deleted
2024-11-30 20:33:11 info: Row(s) deleted
2024-11-30 22:10:15 info: Row(s) deleted
2024-12-01 15:36:10 info: Row(s) deleted
2024-12-01 16:20:31 info: Row(s) deleted
2024-12-01 16:20:31 info: Row(s) deleted
2024-12-01 16:20:31 info: Row(s) deleted
2024-12-01 16:25:47 info: Row(s) deleted
2024-12-01 16:29:20 info: Row(s) deleted
2024-12-01 16:39:06 info: Row(s) deleted
2024-12-01 16:39:06 info: Row(s) deleted
2024-12-01 16:39:06 info: Row(s) deleted
2024-12-01 16:39:20 info: Row(s) deleted
2024-12-01 17:00:40 info: Row(s) deleted
2024-12-01 17:00:52 info: Row(s) deleted
2024-12-01 17:01:03 info: Row(s) deleted
2024-12-01 17:01:07 info: Row(s) deleted
2024-12-01 17:02:47 info: Row(s) deleted
2024-12-01 17:02:47 info: Row(s) deleted
2024-12-01 17:02:47 info: Row(s) deleted
2024-12-01 17:02:47 info: Row(s) deleted
2024-12-01 17:02:47 info: Row(s) deleted
2024-12-01 17:02:47 info: Row(s) deleted
2024-12-01 17:02:47 info: Row(s) deleted
2024-12-01 17:02:48 info: Row(s) deleted
2024-12-01 17:02:48 info: Row(s) deleted
2024-12-01 17:02:48 info: Row(s) deleted
2024-12-01 17:02:48 info: Row(s) deleted
2024-12-01 17:02:48 info: Row(s) deleted
2024-12-01 17:02:48 info: Row(s) deleted
2024-12-01 17:02:48 info: Row(s) deleted
2024-12-01 17:02:48 info: Row(s) deleted
2024-12-01 17:03:28 info: Row(s) deleted
2024-12-01 17:03:50 info: Row(s) deleted
2024-12-01 17:03:50 info: Row(s) deleted
2024-12-01 17:03:50 info: Row(s) deleted
2024-12-01 17:03:55 info: Row(s) deleted
2024-12-01 17:03:58 info: Row(s) deleted
2024-12-01 17:07:01 info: Row(s) deleted
2024-12-01 17:08:21 info: Row(s) deleted
2024-12-01 17:08:21 info: Row(s) deleted
2024-12-01 17:08:21 info: Row(s) deleted
2024-12-01 17:08:22 info: Row(s) deleted
2024-12-01 17:08:22 info: Row(s) deleted
2024-12-01 17:08:22 info: Row(s) deleted
2024-12-01 17:08:22 info: Row(s) deleted
2024-12-01 17:08:22 info: Row(s) deleted
2024-12-01 17:08:22 info: Row(s) deleted
2024-12-01 17:08:22 info: Row(s) deleted
2024-12-01 17:08:22 info: Row(s) deleted
2024-12-01 17:08:22 info: Row(s) deleted
2024-12-01 17:08:23 info: Row(s) deleted
2024-12-01 17:08:24 info: Row(s) deleted
2024-12-01 17:08:24 info: Row(s) deleted
2024-12-01 17:08:24 info: Row(s) deleted
2024-12-01 17:08:24 info: Row(s) deleted
2024-12-01 17:08:24 info: Row(s) deleted
2024-12-01 17:08:24 info: Row(s) deleted
2024-12-01 17:08:24 info: Row(s) deleted
2024-12-01 17:08:24 info: Row(s) deleted
2024-12-01 17:08:24 info: Row(s) deleted
2024-12-01 17:08:24 info: Row(s) deleted
2024-12-01 17:08:24 info: Row(s) deleted
2024-12-01 17:08:24 info: Row(s) deleted
2024-12-01 17:08:24 info: Row(s) deleted
2024-12-01 17:08:24 info: Row(s) deleted
2024-12-01 17:08:24 info: Row(s) deleted
2024-12-01 17:08:24 info: Row(s) deleted
2024-12-01 17:08:24 info: Row(s) deleted
2024-12-01 17:08:24 info: Row(s) deleted
2024-12-01 17:08:24 info: Row(s) deleted
2024-12-01 17:08:25 info: Row(s) deleted
2024-12-01 17:08:25 info: Row(s) deleted
2024-12-01 17:08:25 info: Row(s) deleted
2024-12-01 17:08:25 info: Row(s) deleted
2024-12-01 17:08:25 info: Row(s) deleted
2024-12-01 17:08:25 info: Row(s) deleted
2024-12-01 17:08:25 info: Row(s) deleted
2024-12-01 17:08:25 info: Row(s) deleted
2024-12-01 17:08:25 info: Row(s) deleted
2024-12-01 17:08:25 info: Row(s) deleted
2024-12-01 17:08:25 info: Row(s) deleted
2024-12-01 17:08:25 info: Row(s) deleted
2024-12-01 17:08:25 info: Row(s) deleted
2024-12-01 17:08:25 info: Row(s) deleted
2024-12-01 17:08:25 info: Row(s) deleted
2024-12-01 17:08:26 info: Row(s) deleted
2024-12-01 17:08:26 info: Row(s) deleted
2024-12-01 17:08:26 info: Row(s) deleted
2024-12-01 17:08:26 info: Row(s) deleted
2024-12-01 17:08:26 info: Row(s) deleted
2024-12-01 17:08:26 info: Row(s) deleted
2024-12-01 17:08:26 info: Row(s) deleted
2024-12-01 17:08:26 info: Row(s) deleted
2024-12-01 17:08:26 info: Row(s) deleted
2024-12-01 17:08:26 info: Row(s) deleted
2024-12-01 17:08:26 info: Row(s) deleted
2024-12-01 17:08:26 info: Row(s) deleted
2024-12-01 17:08:26 info: Row(s) deleted
2024-12-01 17:08:26 info: Row(s) deleted
2024-12-01 17:08:26 info: Row(s) deleted
2024-12-01 17:08:26 info: Row(s) deleted
2024-12-01 17:08:26 info: Row(s) deleted
2024-12-01 17:08:26 info: Row(s) deleted
2024-12-01 17:08:26 info: Row(s) deleted
2024-12-01 17:08:26 info: Row(s) deleted
2024-12-01 17:08:26 info: Row(s) deleted
2024-12-01 17:08:26 info: Row(s) deleted
2024-12-01 17:08:26 info: Row(s) deleted
2024-12-01 17:08:26 info: Row(s) deleted
2024-12-01 17:08:26 info: Row(s) deleted
2024-12-01 17:08:26 info: Row(s) deleted
2024-12-01 17:08:26 info: Row(s) deleted
2024-12-01 17:08:26 info: Row(s) deleted
2024-12-01 17:08:27 info: Row(s) deleted
2024-12-01 17:08:27 info: Row(s) deleted
2024-12-01 17:08:27 info: Row(s) deleted
2024-12-01 17:08:27 info: Row(s) deleted
2024-12-01 17:08:27 info: Row(s) deleted
2024-12-01 17:08:27 info: Row(s) deleted
2024-12-01 17:08:27 info: Row(s) deleted
2024-12-01 17:08:27 info: Row(s) deleted
2024-12-01 17:08:27 info: Row(s) deleted
2024-12-01 17:08:27 info: Row(s) deleted
2024-12-01 17:08:27 info: Row(s) deleted
2024-12-01 17:08:27 info: Row(s) deleted
2024-12-01 17:08:28 info: Row(s) deleted
2024-12-01 17:08:28 info: Row(s) deleted
2024-12-01 17:08:28 info: Row(s) deleted
2024-12-01 17:08:28 info: Row(s) deleted
2024-12-01 17:08:28 info: Row(s) deleted
2024-12-01 17:08:28 info: Row(s) deleted
2024-12-01 17:08:28 info: Row(s) deleted
2024-12-01 17:08:28 info: Row(s) deleted
2024-12-01 17:08:28 info: Row(s) deleted
2024-12-01 17:08:28 info: Row(s) deleted
2024-12-01 17:08:28 info: Row(s) deleted
2024-12-01 17:08:28 info: Row(s) deleted
2024-12-01 17:08:28 info: Row(s) deleted
2024-12-01 17:08:28 info: Row(s) deleted
2024-12-01 17:08:28 info: Row(s) deleted
2024-12-01 17:08:28 info: Row(s) deleted
2024-12-01 17:08:28 info: Row(s) deleted
2024-12-01 17:08:28 info: Row(s) deleted
2024-12-01 17:08:28 info: Row(s) deleted
2024-12-01 17:08:28 info: Row(s) deleted
2024-12-01 17:08:28 info: Row(s) deleted
2024-12-01 17:08:28 info: Row(s) deleted
2024-12-01 17:08:28 info: Row(s) deleted
2024-12-01 17:08:28 info: Row(s) deleted
2024-12-01 17:08:28 info: Row(s) deleted
2024-12-01 17:08:28 info: Row(s) deleted
2024-12-01 17:08:28 info: Row(s) deleted
2024-12-01 17:08:28 info: Row(s) deleted
2024-12-01 17:08:28 info: Row(s) deleted
2024-12-01 17:08:28 info: Row(s) deleted
2024-12-01 17:08:28 info: Row(s) deleted
2024-12-01 17:08:28 info: Row(s) deleted
2024-12-01 17:08:28 info: Row(s) deleted
2024-12-01 17:08:28 info: Row(s) deleted
2024-12-01 17:08:28 info: Row(s) deleted
2024-12-01 17:08:28 info: Row(s) deleted
2024-12-01 17:08:28 info: Row(s) deleted
2024-12-01 17:08:28 info: Row(s) deleted
2024-12-01 17:08:28 info: Row(s) deleted
2024-12-01 17:08:28 info: Row(s) deleted
2024-12-01 17:08:28 info: Row(s) deleted
2024-12-01 17:08:28 info: Row(s) deleted
2024-12-01 17:08:28 info: Row(s) deleted
2024-12-01 17:08:28 info: Row(s) deleted
2024-12-01 17:08:28 info: Row(s) deleted
2024-12-01 17:08:28 info: Row(s) deleted
2024-12-01 17:08:28 info: Row(s) deleted
2024-12-01 17:08:28 info: Row(s) deleted
2024-12-01 17:08:28 info: Row(s) deleted
2024-12-01 17:08:28 info: Row(s) deleted
2024-12-01 17:08:28 info: Row(s) deleted
2024-12-01 17:08:28 info: Row(s) deleted
2024-12-01 17:08:28 info: Row(s) deleted
2024-12-01 17:08:28 info: Row(s) deleted
2024-12-01 17:08:28 info: Row(s) deleted
2024-12-01 17:08:28 info: Row(s) deleted
2024-12-01 17:08:28 info: Row(s) deleted
2024-12-01 17:08:29 info: Row(s) deleted
2024-12-01 17:08:29 info: Row(s) deleted
2024-12-01 17:08:29 info: Row(s) deleted
2024-12-01 17:08:29 info: Row(s) deleted
2024-12-01 17:08:29 info: Row(s) deleted
2024-12-01 17:08:29 info: Row(s) deleted
2024-12-01 17:08:29 info: Row(s) deleted
2024-12-01 17:08:29 info: Row(s) deleted
2024-12-01 17:08:29 info: Row(s) deleted
2024-12-01 17:08:29 info: Row(s) deleted
2024-12-01 17:08:29 info: Row(s) deleted
2024-12-01 17:08:29 info: Row(s) deleted
2024-12-01 17:08:29 info: Row(s) deleted
2024-12-01 17:08:29 info: Row(s) deleted
2024-12-01 17:08:29 info: Row(s) deleted
2024-12-01 17:08:29 info: Row(s) deleted
2024-12-01 17:08:29 info: Row(s) deleted
2024-12-01 17:08:29 info: Row(s) deleted
2024-12-01 17:08:29 info: Row(s) deleted
2024-12-01 17:08:29 info: Row(s) deleted
2024-12-01 17:08:29 info: Row(s) deleted
2024-12-01 17:08:29 info: Row(s) deleted
2024-12-01 17:08:29 info: Row(s) deleted
2024-12-01 17:08:30 info: Row(s) deleted
2024-12-01 17:08:30 info: Row(s) deleted
2024-12-01 17:08:30 info: Row(s) deleted
2024-12-01 17:08:30 info: Row(s) deleted
2024-12-01 17:08:30 info: Row(s) deleted
2024-12-01 17:08:30 info: Row(s) deleted
2024-12-01 17:08:30 info: Row(s) deleted
2024-12-01 17:08:30 info: Row(s) deleted
2024-12-01 17:08:30 info: Row(s) deleted
2024-12-01 17:08:30 info: Row(s) deleted
2024-12-01 17:08:30 info: Row(s) deleted
2024-12-01 17:08:30 info: Row(s) deleted
2024-12-01 17:08:30 info: Row(s) deleted
2024-12-01 17:08:30 info: Row(s) deleted
2024-12-01 17:08:30 info: Row(s) deleted
2024-12-01 17:08:30 info: Row(s) deleted
2024-12-01 17:08:30 info: Row(s) deleted
2024-12-01 17:08:30 info: Row(s) deleted
2024-12-01 17:08:30 info: Row(s) deleted
2024-12-01 17:08:30 info: Row(s) deleted
2024-12-01 17:08:30 info: Row(s) deleted
2024-12-01 17:08:30 info: Row(s) deleted
2024-12-01 17:08:30 info: Row(s) deleted
2024-12-01 17:08:30 info: Row(s) deleted
2024-12-01 17:08:30 info: Row(s) deleted
2024-12-01 17:08:30 info: Row(s) deleted
2024-12-01 17:08:30 info: Row(s) deleted
2024-12-01 17:08:30 info: Row(s) deleted
2024-12-01 17:08:30 info: Row(s) deleted
2024-12-01 17:08:30 info: Row(s) deleted
2024-12-01 17:08:30 info: Row(s) deleted
2024-12-01 17:08:30 info: Row(s) deleted
2024-12-01 17:08:30 info: Row(s) deleted
2024-12-01 17:08:30 info: Row(s) deleted
2024-12-01 17:08:30 info: Row(s) deleted
2024-12-01 17:08:30 info: Row(s) deleted
2024-12-01 17:08:30 info: Row(s) deleted
2024-12-01 17:08:30 info: Row(s) deleted
2024-12-01 17:08:30 info: Row(s) deleted
2024-12-01 17:08:30 info: Row(s) deleted
2024-12-01 17:08:30 info: Row(s) deleted
2024-12-01 17:08:30 info: Row(s) deleted
2024-12-01 17:08:30 info: Row(s) deleted
2024-12-01 17:08:30 info: Row(s) deleted
2024-12-01 17:08:30 info: Row(s) deleted
2024-12-01 17:08:30 info: Row(s) deleted
2024-12-01 17:08:30 info: Row(s) deleted
2024-12-01 17:08:30 info: Row(s) deleted
2024-12-01 17:08:30 info: Row(s) deleted
2024-12-01 17:08:30 info: Row(s) deleted
2024-12-01 17:08:30 info: Row(s) deleted
2024-12-01 17:08:30 info: Row(s) deleted
2024-12-01 17:08:30 info: Row(s) deleted
2024-12-01 17:08:30 info: Row(s) deleted
2024-12-01 17:08:30 info: Row(s) deleted
2024-12-01 17:08:30 info: Row(s) deleted
2024-12-01 17:08:30 info: Row(s) deleted
2024-12-01 17:08:30 info: Row(s) deleted
2024-12-01 17:08:30 info: Row(s) deleted
2024-12-01 17:08:30 info: Row(s) deleted
2024-12-01 17:08:30 info: Row(s) deleted
2024-12-01 17:08:31 info: Row(s) deleted
2024-12-01 17:08:31 info: Row(s) deleted
2024-12-01 17:08:31 info: Row(s) deleted
2024-12-01 17:08:31 info: Row(s) deleted
2024-12-01 17:08:31 info: Row(s) deleted
2024-12-01 17:08:31 info: Row(s) deleted
2024-12-01 17:08:31 info: Row(s) deleted
2024-12-01 17:08:31 info: Row(s) deleted
2024-12-01 17:08:31 info: Row(s) deleted
2024-12-01 17:08:31 info: Row(s) deleted
2024-12-01 17:08:31 info: Row(s) deleted
2024-12-01 17:08:31 info: Row(s) deleted
2024-12-01 17:08:31 info: Row(s) deleted
2024-12-01 17:08:31 info: Row(s) deleted
2024-12-01 17:08:31 info: Row(s) deleted
2024-12-01 17:08:31 info: Row(s) deleted
2024-12-01 17:08:31 info: Row(s) deleted
2024-12-01 17:08:31 info: Row(s) deleted
2024-12-01 17:08:31 info: Row(s) deleted
2024-12-01 17:08:31 info: Row(s) deleted
2024-12-01 17:08:31 info: Row(s) deleted
2024-12-01 17:08:31 info: Row(s) deleted
2024-12-01 17:08:31 info: Row(s) deleted
2024-12-01 17:08:31 info: Row(s) deleted
2024-12-01 17:08:31 info: Row(s) deleted
2024-12-01 17:08:31 info: Row(s) deleted
2024-12-01 17:08:31 info: Row(s) deleted
2024-12-01 17:08:31 info: Row(s) deleted
2024-12-01 17:08:31 info: Row(s) deleted
2024-12-01 17:08:31 info: Row(s) deleted
2024-12-01 17:08:31 info: Row(s) deleted
2024-12-01 17:08:31 info: Row(s) deleted
2024-12-01 17:08:31 info: Row(s) deleted
2024-12-01 17:08:31 info: Row(s) deleted
2024-12-01 17:08:31 info: Row(s) deleted
2024-12-01 17:08:31 info: Row(s) deleted
2024-12-01 17:08:31 info: Row(s) deleted
2024-12-01 17:08:31 info: Row(s) deleted
2024-12-01 17:08:31 info: Row(s) deleted
2024-12-01 17:08:31 info: Row(s) deleted
2024-12-01 17:08:31 info: Row(s) deleted
2024-12-01 17:08:31 info: Row(s) deleted
2024-12-01 17:08:31 info: Row(s) deleted
2024-12-01 17:08:31 info: Row(s) deleted
2024-12-01 17:08:31 info: Row(s) deleted
2024-12-01 17:08:31 info: Row(s) deleted
2024-12-01 17:08:31 info: Row(s) deleted
2024-12-01 17:08:31 info: Row(s) deleted
2024-12-01 17:08:31 info: Row(s) deleted
2024-12-01 17:08:31 info: Row(s) deleted
2024-12-01 17:08:31 info: Row(s) deleted
2024-12-01 17:08:31 info: Row(s) deleted
2024-12-01 17:08:31 info: Row(s) deleted
2024-12-01 17:08:31 info: Row(s) deleted
2024-12-01 17:08:31 info: Row(s) deleted
2024-12-01 17:08:31 info: Row(s) deleted
2024-12-01 17:08:31 info: Row(s) deleted
2024-12-01 17:08:31 info: Row(s) deleted
2024-12-01 17:08:31 info: Row(s) deleted
2024-12-01 17:08:31 info: Row(s) deleted
2024-12-01 17:08:31 info: Row(s) deleted
2024-12-01 17:08:31 info: Row(s) deleted
2024-12-01 17:08:31 info: Row(s) deleted
2024-12-01 17:08:31 info: Row(s) deleted
2024-12-01 17:08:31 info: Row(s) deleted
2024-12-01 17:08:31 info: Row(s) deleted
2024-12-01 17:08:31 info: Row(s) deleted
2024-12-01 17:08:31 info: Row(s) deleted
2024-12-01 17:08:31 info: Row(s) deleted
2024-12-01 17:08:31 info: Row(s) deleted
2024-12-01 17:08:31 info: Row(s) deleted
2024-12-01 17:08:31 info: Row(s) deleted
2024-12-01 17:08:31 info: Row(s) deleted
2024-12-01 17:08:31 info: Row(s) deleted
2024-12-01 17:08:31 info: Row(s) deleted
2024-12-01 17:08:31 info: Row(s) deleted
2024-12-01 17:08:31 info: Row(s) deleted
2024-12-01 17:08:31 info: Row(s) deleted
2024-12-01 17:08:31 info: Row(s) deleted
2024-12-01 17:08:31 info: Row(s) deleted
2024-12-01 17:08:31 info: Row(s) deleted
2024-12-01 17:08:31 info: Row(s) deleted
2024-12-01 17:08:31 info: Row(s) deleted
2024-12-01 17:08:31 info: Row(s) deleted
2024-12-01 17:08:31 info: Row(s) deleted
2024-12-01 17:08:31 info: Row(s) deleted
2024-12-01 17:08:31 info: Row(s) deleted
2024-12-01 17:08:31 info: Row(s) deleted
2024-12-01 17:08:31 info: Row(s) deleted
2024-12-01 17:08:31 info: Row(s) deleted
2024-12-01 17:08:31 info: Row(s) deleted
2024-12-01 17:08:31 info: Row(s) deleted
2024-12-01 17:08:31 info: Row(s) deleted
2024-12-01 17:08:31 info: Row(s) deleted
2024-12-01 17:08:31 info: Row(s) deleted
2024-12-01 17:08:31 info: Row(s) deleted
2024-12-01 17:08:31 info: Row(s) deleted
2024-12-01 17:08:31 info: Row(s) deleted
2024-12-01 17:08:31 info: Row(s) deleted
2024-12-01 17:08:31 info: Row(s) deleted
2024-12-01 17:08:31 info: Row(s) deleted
2024-12-01 17:08:31 info: Row(s) deleted
2024-12-01 17:08:31 info: Row(s) deleted
2024-12-01 17:08:31 info: Row(s) deleted
2024-12-01 17:08:31 info: Row(s) deleted
2024-12-01 17:08:31 info: Row(s) deleted
2024-12-01 17:08:31 info: Row(s) deleted
2024-12-01 17:08:31 info: Row(s) deleted
2024-12-01 17:08:31 info: Row(s) deleted
2024-12-01 17:08:31 info: Row(s) deleted
2024-12-01 17:08:32 info: Row(s) deleted
2024-12-01 17:08:32 info: Row(s) deleted
2024-12-01 17:08:32 info: Row(s) deleted
2024-12-01 17:08:32 info: Row(s) deleted
2024-12-01 17:08:32 info: Row(s) deleted
2024-12-01 17:08:32 info: Row(s) deleted
2024-12-01 17:08:32 info: Row(s) deleted
2024-12-01 17:08:32 info: Row(s) deleted
2024-12-01 17:08:32 info: Row(s) deleted
2024-12-01 17:08:32 info: Row(s) deleted
2024-12-01 17:08:32 info: Row(s) deleted
2024-12-01 17:08:32 info: Row(s) deleted
2024-12-01 17:08:32 info: Row(s) deleted
2024-12-01 17:08:32 info: Row(s) deleted
2024-12-01 17:08:32 info: Row(s) deleted
2024-12-01 17:08:32 info: Row(s) deleted
2024-12-01 17:08:32 info: Row(s) deleted
2024-12-01 17:08:32 info: Row(s) deleted
2024-12-01 17:08:32 info: Row(s) deleted
2024-12-01 17:08:32 info: Row(s) deleted
2024-12-01 17:08:32 info: Row(s) deleted
2024-12-01 17:08:32 info: Row(s) deleted
2024-12-01 17:08:32 info: Row(s) deleted
2024-12-01 17:08:32 info: Row(s) deleted
2024-12-01 17:08:32 info: Row(s) deleted
2024-12-01 17:08:32 info: Row(s) deleted
2024-12-01 17:08:32 info: Row(s) deleted
2024-12-01 17:08:32 info: Row(s) deleted
2024-12-01 17:08:32 info: Row(s) deleted
2024-12-01 17:08:32 info: Row(s) deleted
2024-12-01 17:08:32 info: Row(s) deleted
2024-12-01 17:08:32 info: Row(s) deleted
2024-12-01 17:08:32 info: Row(s) deleted
2024-12-01 17:08:32 info: Row(s) deleted
2024-12-01 17:08:32 info: Row(s) deleted
2024-12-01 17:08:32 info: Row(s) deleted
2024-12-01 17:08:32 info: Row(s) deleted
2024-12-01 17:08:32 info: Row(s) deleted
2024-12-01 17:08:32 info: Row(s) deleted
2024-12-01 17:08:33 info: Row(s) deleted
2024-12-01 17:08:33 info: Row(s) deleted
2024-12-01 17:08:33 info: Row(s) deleted
2024-12-01 17:08:33 info: Row(s) deleted
2024-12-01 17:08:33 info: Row(s) deleted
2024-12-01 17:08:33 info: Row(s) deleted
2024-12-01 17:08:33 info: Row(s) deleted
2024-12-01 17:08:33 info: Row(s) deleted
2024-12-01 17:08:33 info: Row(s) deleted
2024-12-01 17:08:33 info: Row(s) deleted
2024-12-01 17:08:33 info: Row(s) deleted
2024-12-01 17:08:33 info: Row(s) deleted
2024-12-01 17:08:33 info: Row(s) deleted
2024-12-01 17:08:33 info: Row(s) deleted
2024-12-01 17:08:33 info: Row(s) deleted
2024-12-01 17:08:33 info: Row(s) deleted
2024-12-01 17:08:33 info: Row(s) deleted
2024-12-01 17:08:33 info: Row(s) deleted
2024-12-01 17:08:33 info: Row(s) deleted
2024-12-01 17:08:33 info: Row(s) deleted
2024-12-01 17:08:33 info: Row(s) deleted
2024-12-01 17:08:33 info: Row(s) deleted
2024-12-01 17:08:33 info: Row(s) deleted
2024-12-01 17:08:33 info: Row(s) deleted
2024-12-01 17:08:33 info: Row(s) deleted
2024-12-01 17:08:33 info: Row(s) deleted
2024-12-01 17:08:33 info: Row(s) deleted
2024-12-01 17:08:33 info: Row(s) deleted
2024-12-01 17:08:33 info: Row(s) deleted
2024-12-01 17:08:33 info: Row(s) deleted
2024-12-01 17:08:33 info: Row(s) deleted
2024-12-01 17:08:33 info: Row(s) deleted
2024-12-01 17:08:33 info: Row(s) deleted
2024-12-01 17:08:33 info: Row(s) deleted
2024-12-01 17:08:33 info: Row(s) deleted
2024-12-01 17:08:33 info: Row(s) deleted
2024-12-01 17:08:33 info: Row(s) deleted
2024-12-01 17:08:33 info: Row(s) deleted
2024-12-01 17:08:34 info: Row(s) deleted
2024-12-01 17:08:34 info: Row(s) deleted
2024-12-01 17:08:34 info: Row(s) deleted
2024-12-01 17:08:34 info: Row(s) deleted
2024-12-01 17:08:34 info: Row(s) deleted
2024-12-01 17:08:34 info: Row(s) deleted
2024-12-01 17:08:34 info: Row(s) deleted
2024-12-01 17:08:34 info: Row(s) deleted
2024-12-01 17:08:34 info: Row(s) deleted
2024-12-01 17:08:34 info: Row(s) deleted
2024-12-01 17:08:34 info: Row(s) deleted
2024-12-01 17:08:34 info: Row(s) deleted
2024-12-01 17:08:34 info: Row(s) deleted
2024-12-01 17:08:34 info: Row(s) deleted
2024-12-01 17:08:34 info: Row(s) deleted
2024-12-01 17:08:34 info: Row(s) deleted
2024-12-01 17:08:34 info: Row(s) deleted
2024-12-01 17:08:35 info: Row(s) deleted
2024-12-01 17:08:35 info: Row(s) deleted
2024-12-01 17:08:35 info: Row(s) deleted
2024-12-01 17:08:35 info: Row(s) deleted
2024-12-01 17:08:35 info: Row(s) deleted
2024-12-01 17:08:35 info: Row(s) deleted
2024-12-01 17:08:35 info: Row(s) deleted
2024-12-01 17:08:35 info: Row(s) deleted
2024-12-01 17:08:35 info: Row(s) deleted
2024-12-01 17:08:35 info: Row(s) deleted
2024-12-01 17:08:35 info: Row(s) deleted
2024-12-01 17:08:35 info: Row(s) deleted
2024-12-01 17:08:35 info: Row(s) deleted
2024-12-01 17:08:35 info: Row(s) deleted
2024-12-01 17:08:35 info: Row(s) deleted
2024-12-01 17:08:35 info: Row(s) deleted
2024-12-01 17:08:35 info: Row(s) deleted
2024-12-01 17:08:35 info: Row(s) deleted
2024-12-01 17:08:35 info: Row(s) deleted
2024-12-01 17:08:35 info: Row(s) deleted
2024-12-01 17:08:35 info: Row(s) deleted
2024-12-01 17:08:35 info: Row(s) deleted
2024-12-01 17:08:35 info: Row(s) deleted
2024-12-01 17:08:35 info: Row(s) deleted
2024-12-01 17:08:35 info: Row(s) deleted
2024-12-01 17:08:35 info: Row(s) deleted
2024-12-01 17:08:35 info: Row(s) deleted
2024-12-01 17:08:35 info: Row(s) deleted
2024-12-01 17:08:35 info: Row(s) deleted
2024-12-01 17:08:35 info: Row(s) deleted
2024-12-01 17:08:35 info: Row(s) deleted
2024-12-01 17:08:35 info: Row(s) deleted
2024-12-01 17:08:35 info: Row(s) deleted
2024-12-01 17:08:35 info: Row(s) deleted
2024-12-01 17:08:35 info: Row(s) deleted
2024-12-01 17:08:35 info: Row(s) deleted
2024-12-01 17:08:35 info: Row(s) deleted
2024-12-01 17:08:35 info: Row(s) deleted
2024-12-01 17:08:35 info: Row(s) deleted
2024-12-01 17:08:35 info: Row(s) deleted
2024-12-01 17:08:35 info: Row(s) deleted
2024-12-01 17:08:35 info: Row(s) deleted
2024-12-01 17:08:35 info: Row(s) deleted
2024-12-01 17:08:35 info: Row(s) deleted
2024-12-01 17:08:35 info: Row(s) deleted
2024-12-01 17:08:35 info: Row(s) deleted
2024-12-01 17:08:35 info: Row(s) deleted
2024-12-01 17:08:35 info: Row(s) deleted
2024-12-01 17:08:35 info: Row(s) deleted
2024-12-01 17:09:25 info: Row(s) deleted
